---------------------------------------------------------------
[ 2018-06-01T01:52:22-04:00 ] 103.246.145.199 GET /app/ajax.php?s=/member/users/index
[ sql ] [ DB ] CONNECT:[ UseTime:0.015600s ] mysql:host=127.0.0.1;port=3306;dbname=mydata1_db;charset=utf8
[ sql ] [ SQL ] SHOW COLUMNS FROM `mydata1_db`.`k_user` [ RunTime:0.015600s ]
[ sql ] [ SQL ] SELECT * FROM `mydata1_db`.`k_user` WHERE  `uid` = 163 LIMIT 1 [ RunTime:0.000000s ]
[ sql ] [ SQL ] SHOW COLUMNS FROM `mydata1_db`.`k_user_login` [ RunTime:0.015600s ]
[ sql ] [ SQL ] SELECT `is_login` FROM `mydata1_db`.`k_user_login` WHERE  `uid` = 163 LIMIT 1 [ RunTime:0.000000s ]
---------------------------------------------------------------
[ 2018-06-01T01:52:23-04:00 ] 103.246.145.199 POST /app/ajax.php?s=/member/common/notice
[ sql ] [ DB ] CONNECT:[ UseTime:0.015600s ] mysql:host=127.0.0.1;port=3306;dbname=mydata1_db;charset=utf8
[ sql ] [ SQL ] SHOW COLUMNS FROM `mydata1_db`.`k_notice` [ RunTime:0.000000s ]
[ sql ] [ SQL ] SELECT COUNT(*) AS tp_count FROM `mydata1_db`.`k_notice` WHERE  `is_show` = 1 LIMIT 1 [ RunTime:0.015600s ]
[ sql ] [ SQL ] SELECT * FROM `mydata1_db`.`k_notice` WHERE  `is_show` = 1 ORDER BY `sort` DESC,`nid` DESC LIMIT 0,5 [ RunTime:0.000000s ]
---------------------------------------------------------------
[ 2018-06-01T01:52:23-04:00 ] 103.246.145.199 GET /app/ajax.php?s=/member/report/lastWeek
[ sql ] [ DB ] CONNECT:[ UseTime:0.000000s ] mysql:host=127.0.0.1;port=3306;dbname=mydata1_db;charset=utf8
[ sql ] [ SQL ] SHOW COLUMNS FROM `mydata1_db`.`k_user` [ RunTime:0.015600s ]
[ sql ] [ SQL ] SELECT * FROM `mydata1_db`.`k_user` WHERE  `uid` = 163 LIMIT 1 [ RunTime:0.015600s ]
[ sql ] [ SQL ] SHOW COLUMNS FROM `mydata1_db`.`k_user_login` [ RunTime:0.000000s ]
[ sql ] [ SQL ] SELECT `is_login` FROM `mydata1_db`.`k_user_login` WHERE  `uid` = 163 LIMIT 1 [ RunTime:0.000000s ]
[ sql ] [ SQL ] SHOW COLUMNS FROM `mydata1_db`.`k_bet` [ RunTime:0.015600s ]
[ sql ] [ SQL ] SELECT `win`,`bet_money` FROM `mydata1_db`.`k_bet` WHERE  `status` BETWEEN 0 AND 8  AND `uid` = 163  AND `bet_time` BETWEEN '2018-05-25 00:00:00' AND '2018-06-01 23:59:59' [ RunTime:0.000000s ]
[ sql ] [ SQL ] SHOW COLUMNS FROM `mydata1_db`.`daily_report` [ RunTime:0.015600s ]
[ sql ] [ SQL ] SELECT `platform_id`,`bet_amount`,`net_amount`,`rows_num` FROM `mydata1_db`.`daily_report` WHERE  `uid` = 163  AND `report_date` BETWEEN 1527220800 AND 1527911999 [ RunTime:0.000000s ]
[ sql ] [ SQL ] SHOW COLUMNS FROM `mydata1_db`.`c_bet` [ RunTime:0.015600s ]
[ sql ] [ SQL ] SELECT `money`,`win` FROM `mydata1_db`.`c_bet` WHERE  `uid` = 163  AND `addtime` BETWEEN '2018-05-25 00:00:00' AND '2018-06-01 23:59:59'  AND `js` = 1 [ RunTime:0.000000s ]
[ sql ] [ SQL ] SHOW COLUMNS FROM `mydata1_db`.`c_bet_3` [ RunTime:0.015600s ]
[ sql ] [ SQL ] SELECT `money`,`win` FROM `mydata1_db`.`c_bet_3` WHERE  `uid` = 163  AND `addtime` BETWEEN '2018-05-25 00:00:00' AND '2018-06-01 23:59:59'  AND `js` = 1 [ RunTime:0.000000s ]
[ sql ] [ SQL ] SHOW COLUMNS FROM `mydata1_db`.`c_bet_data` [ RunTime:0.015601s ]
[ sql ] [ SQL ] SELECT `money`,`win` FROM `mydata1_db`.`c_bet_data` WHERE  `uid` = 163  AND `addtime` BETWEEN 1527220800 AND 1527911999  AND `status` = 1 [ RunTime:0.000000s ]
[ sql ] [ SQL ] SHOW COLUMNS FROM `mydata1_db`.`lottery_data` [ RunTime:0.015600s ]
[ sql ] [ SQL ] SELECT `money`,`win` FROM `mydata1_db`.`lottery_data` WHERE  `username` = 'aibo001'  AND `bet_time` BETWEEN '2018-05-25 00:00:00' AND '2018-06-01 23:59:59'  AND `bet_ok` = 1 [ RunTime:0.000000s ]
[ sql ] [ SQL ] SHOW COLUMNS FROM `mydata2_db`.`ka_tan` [ RunTime:0.015600s ]
[ sql ] [ SQL ] SELECT `sum_m`,`rate`,`bm` FROM `mydata2_db`.`ka_tan` WHERE  `username` = 'aibo001'  AND `adddate` BETWEEN '2018-05-25 12:00:00' AND '2018-06-02 11:59:59'  AND `checked` = 1  AND `bm` <> 2 [ RunTime:0.000000s ]
---------------------------------------------------------------
[ 2018-06-01T01:52:33-04:00 ] 103.246.145.199 GET /app/ajax.php?s=/member/report/lastWeek
[ sql ] [ DB ] CONNECT:[ UseTime:0.000000s ] mysql:host=127.0.0.1;port=3306;dbname=mydata1_db;charset=utf8
[ sql ] [ SQL ] SHOW COLUMNS FROM `mydata1_db`.`k_user` [ RunTime:0.017600s ]
[ sql ] [ SQL ] SELECT * FROM `mydata1_db`.`k_user` WHERE  `uid` = 163 LIMIT 1 [ RunTime:0.000000s ]
[ sql ] [ SQL ] SHOW COLUMNS FROM `mydata1_db`.`k_user_login` [ RunTime:0.015600s ]
[ sql ] [ SQL ] SELECT `is_login` FROM `mydata1_db`.`k_user_login` WHERE  `uid` = 163 LIMIT 1 [ RunTime:0.000000s ]
[ sql ] [ SQL ] SHOW COLUMNS FROM `mydata1_db`.`k_bet` [ RunTime:0.000000s ]
[ sql ] [ SQL ] SELECT `win`,`bet_money` FROM `mydata1_db`.`k_bet` WHERE  `status` BETWEEN 0 AND 8  AND `uid` = 163  AND `bet_time` BETWEEN '2018-05-25 00:00:00' AND '2018-06-01 23:59:59' [ RunTime:0.000000s ]
[ sql ] [ SQL ] SHOW COLUMNS FROM `mydata1_db`.`daily_report` [ RunTime:0.015600s ]
[ sql ] [ SQL ] SELECT `platform_id`,`bet_amount`,`net_amount`,`rows_num` FROM `mydata1_db`.`daily_report` WHERE  `uid` = 163  AND `report_date` BETWEEN 1527220800 AND 1527911999 [ RunTime:0.000000s ]
[ sql ] [ SQL ] SHOW COLUMNS FROM `mydata1_db`.`c_bet` [ RunTime:0.015600s ]
[ sql ] [ SQL ] SELECT `money`,`win` FROM `mydata1_db`.`c_bet` WHERE  `uid` = 163  AND `addtime` BETWEEN '2018-05-25 00:00:00' AND '2018-06-01 23:59:59'  AND `js` = 1 [ RunTime:0.000000s ]
[ sql ] [ SQL ] SHOW COLUMNS FROM `mydata1_db`.`c_bet_3` [ RunTime:0.015600s ]
[ sql ] [ SQL ] SELECT `money`,`win` FROM `mydata1_db`.`c_bet_3` WHERE  `uid` = 163  AND `addtime` BETWEEN '2018-05-25 00:00:00' AND '2018-06-01 23:59:59'  AND `js` = 1 [ RunTime:0.000000s ]
[ sql ] [ SQL ] SHOW COLUMNS FROM `mydata1_db`.`c_bet_data` [ RunTime:0.015600s ]
[ sql ] [ SQL ] SELECT `money`,`win` FROM `mydata1_db`.`c_bet_data` WHERE  `uid` = 163  AND `addtime` BETWEEN 1527220800 AND 1527911999  AND `status` = 1 [ RunTime:0.000000s ]
[ sql ] [ SQL ] SHOW COLUMNS FROM `mydata1_db`.`lottery_data` [ RunTime:0.015600s ]
[ sql ] [ SQL ] SELECT `money`,`win` FROM `mydata1_db`.`lottery_data` WHERE  `username` = 'aibo001'  AND `bet_time` BETWEEN '2018-05-25 00:00:00' AND '2018-06-01 23:59:59'  AND `bet_ok` = 1 [ RunTime:0.000000s ]
[ sql ] [ SQL ] SHOW COLUMNS FROM `mydata2_db`.`ka_tan` [ RunTime:0.015600s ]
[ sql ] [ SQL ] SELECT `sum_m`,`rate`,`bm` FROM `mydata2_db`.`ka_tan` WHERE  `username` = 'aibo001'  AND `adddate` BETWEEN '2018-05-25 12:00:00' AND '2018-06-02 11:59:59'  AND `checked` = 1  AND `bm` <> 2 [ RunTime:0.000000s ]
---------------------------------------------------------------
[ 2018-06-01T01:52:39-04:00 ] 103.246.145.199 POST /app/ajax.php?s=/member/users/notice/get
[ sql ] [ DB ] CONNECT:[ UseTime:0.000000s ] mysql:host=127.0.0.1;port=3306;dbname=mydata1_db;charset=utf8
[ sql ] [ SQL ] SHOW COLUMNS FROM `mydata1_db`.`k_user` [ RunTime:0.015600s ]
[ sql ] [ SQL ] SELECT * FROM `mydata1_db`.`k_user` WHERE  `uid` = 163 LIMIT 1 [ RunTime:0.000000s ]
[ sql ] [ SQL ] SHOW COLUMNS FROM `mydata1_db`.`k_user_login` [ RunTime:0.015600s ]
[ sql ] [ SQL ] SELECT `is_login` FROM `mydata1_db`.`k_user_login` WHERE  `uid` = 163 LIMIT 1 [ RunTime:0.000000s ]
[ sql ] [ SQL ] SHOW COLUMNS FROM `mydata1_db`.`k_user_msg` [ RunTime:0.015600s ]
[ sql ] [ SQL ] SELECT COUNT(*) AS tp_count FROM `mydata1_db`.`k_user_msg` WHERE  `uid` = 163 LIMIT 1 [ RunTime:0.000000s ]
[ sql ] [ SQL ] SELECT * FROM `mydata1_db`.`k_user_msg` WHERE  `uid` = 163 ORDER BY `msg_time` DESC,`msg_id` DESC LIMIT 0,10 [ RunTime:0.000000s ]
---------------------------------------------------------------
[ 2018-06-01T01:52:42-04:00 ] 103.246.145.199 POST /app/ajax.php?s=/member/common/notice
[ sql ] [ DB ] CONNECT:[ UseTime:0.000000s ] mysql:host=127.0.0.1;port=3306;dbname=mydata1_db;charset=utf8
[ sql ] [ SQL ] SHOW COLUMNS FROM `mydata1_db`.`k_notice` [ RunTime:0.015600s ]
[ sql ] [ SQL ] SELECT COUNT(*) AS tp_count FROM `mydata1_db`.`k_notice` WHERE  `is_show` = 1 LIMIT 1 [ RunTime:0.000000s ]
[ sql ] [ SQL ] SELECT * FROM `mydata1_db`.`k_notice` WHERE  `is_show` = 1 ORDER BY `sort` DESC,`nid` DESC LIMIT 0,5 [ RunTime:0.000000s ]
---------------------------------------------------------------
[ 2018-06-01T01:52:42-04:00 ] 103.246.145.199 GET /app/ajax.php?s=/member/report/lastWeek
[ sql ] [ DB ] CONNECT:[ UseTime:0.015600s ] mysql:host=127.0.0.1;port=3306;dbname=mydata1_db;charset=utf8
[ sql ] [ SQL ] SHOW COLUMNS FROM `mydata1_db`.`k_user` [ RunTime:0.015600s ]
[ sql ] [ SQL ] SELECT * FROM `mydata1_db`.`k_user` WHERE  `uid` = 163 LIMIT 1 [ RunTime:0.000000s ]
[ sql ] [ SQL ] SHOW COLUMNS FROM `mydata1_db`.`k_user_login` [ RunTime:0.015600s ]
[ sql ] [ SQL ] SELECT `is_login` FROM `mydata1_db`.`k_user_login` WHERE  `uid` = 163 LIMIT 1 [ RunTime:0.000000s ]
[ sql ] [ SQL ] SHOW COLUMNS FROM `mydata1_db`.`k_bet` [ RunTime:0.015600s ]
[ sql ] [ SQL ] SELECT `win`,`bet_money` FROM `mydata1_db`.`k_bet` WHERE  `status` BETWEEN 0 AND 8  AND `uid` = 163  AND `bet_time` BETWEEN '2018-05-25 00:00:00' AND '2018-06-01 23:59:59' [ RunTime:0.000000s ]
[ sql ] [ SQL ] SHOW COLUMNS FROM `mydata1_db`.`daily_report` [ RunTime:0.015600s ]
[ sql ] [ SQL ] SELECT `platform_id`,`bet_amount`,`net_amount`,`rows_num` FROM `mydata1_db`.`daily_report` WHERE  `uid` = 163  AND `report_date` BETWEEN 1527220800 AND 1527911999 [ RunTime:0.000000s ]
[ sql ] [ SQL ] SHOW COLUMNS FROM `mydata1_db`.`c_bet` [ RunTime:0.015600s ]
[ sql ] [ SQL ] SELECT `money`,`win` FROM `mydata1_db`.`c_bet` WHERE  `uid` = 163  AND `addtime` BETWEEN '2018-05-25 00:00:00' AND '2018-06-01 23:59:59'  AND `js` = 1 [ RunTime:0.000000s ]
[ sql ] [ SQL ] SHOW COLUMNS FROM `mydata1_db`.`c_bet_3` [ RunTime:0.015600s ]
[ sql ] [ SQL ] SELECT `money`,`win` FROM `mydata1_db`.`c_bet_3` WHERE  `uid` = 163  AND `addtime` BETWEEN '2018-05-25 00:00:00' AND '2018-06-01 23:59:59'  AND `js` = 1 [ RunTime:0.000000s ]
[ sql ] [ SQL ] SHOW COLUMNS FROM `mydata1_db`.`c_bet_data` [ RunTime:0.015600s ]
[ sql ] [ SQL ] SELECT `money`,`win` FROM `mydata1_db`.`c_bet_data` WHERE  `uid` = 163  AND `addtime` BETWEEN 1527220800 AND 1527911999  AND `status` = 1 [ RunTime:0.000000s ]
[ sql ] [ SQL ] SHOW COLUMNS FROM `mydata1_db`.`lottery_data` [ RunTime:0.015600s ]
[ sql ] [ SQL ] SELECT `money`,`win` FROM `mydata1_db`.`lottery_data` WHERE  `username` = 'aibo001'  AND `bet_time` BETWEEN '2018-05-25 00:00:00' AND '2018-06-01 23:59:59'  AND `bet_ok` = 1 [ RunTime:0.000000s ]
[ sql ] [ SQL ] SHOW COLUMNS FROM `mydata2_db`.`ka_tan` [ RunTime:0.000000s ]
[ sql ] [ SQL ] SELECT `sum_m`,`rate`,`bm` FROM `mydata2_db`.`ka_tan` WHERE  `username` = 'aibo001'  AND `adddate` BETWEEN '2018-05-25 12:00:00' AND '2018-06-02 11:59:59'  AND `checked` = 1  AND `bm` <> 2 [ RunTime:0.000000s ]
---------------------------------------------------------------
[ 2018-06-01T01:52:45-04:00 ] 103.246.145.199 POST /app/ajax.php?s=/member/users/notice/get
[ sql ] [ DB ] CONNECT:[ UseTime:0.015600s ] mysql:host=127.0.0.1;port=3306;dbname=mydata1_db;charset=utf8
[ sql ] [ SQL ] SHOW COLUMNS FROM `mydata1_db`.`k_user` [ RunTime:0.000000s ]
[ sql ] [ SQL ] SELECT * FROM `mydata1_db`.`k_user` WHERE  `uid` = 163 LIMIT 1 [ RunTime:0.000000s ]
[ sql ] [ SQL ] SHOW COLUMNS FROM `mydata1_db`.`k_user_login` [ RunTime:0.000000s ]
[ sql ] [ SQL ] SELECT `is_login` FROM `mydata1_db`.`k_user_login` WHERE  `uid` = 163 LIMIT 1 [ RunTime:0.000000s ]
[ sql ] [ SQL ] SHOW COLUMNS FROM `mydata1_db`.`k_user_msg` [ RunTime:0.015601s ]
[ sql ] [ SQL ] SELECT COUNT(*) AS tp_count FROM `mydata1_db`.`k_user_msg` WHERE  `uid` = 163 LIMIT 1 [ RunTime:0.000000s ]
[ sql ] [ SQL ] SELECT * FROM `mydata1_db`.`k_user_msg` WHERE  `uid` = 163 ORDER BY `msg_time` DESC,`msg_id` DESC LIMIT 0,10 [ RunTime:0.000000s ]
---------------------------------------------------------------
[ 2018-06-01T01:52:49-04:00 ] 103.246.145.199 GET /app/ajax.php?s=/member/finance/deposit/list
[ sql ] [ DB ] CONNECT:[ UseTime:0.000000s ] mysql:host=127.0.0.1;port=3306;dbname=mydata1_db;charset=utf8
[ sql ] [ SQL ] SHOW COLUMNS FROM `mydata1_db`.`k_user` [ RunTime:0.015600s ]
[ sql ] [ SQL ] SELECT * FROM `mydata1_db`.`k_user` WHERE  `uid` = 163 LIMIT 1 [ RunTime:0.000000s ]
[ sql ] [ SQL ] SHOW COLUMNS FROM `mydata1_db`.`k_user_login` [ RunTime:0.000000s ]
[ sql ] [ SQL ] SELECT `is_login` FROM `mydata1_db`.`k_user_login` WHERE  `uid` = 163 LIMIT 1 [ RunTime:0.000000s ]
[ error ] [8]未定义数组索引: default
[ error ] [8]未定义数组索引: default
[ error ] [8]未定义数组索引: default
[ error ] [8]未定义数组索引: default
[ error ] [8]未定义数组索引: default
[ error ] [8]未定义数组索引: default
[ error ] [8]未定义数组索引: default
[ error ] [8]未定义数组索引: default
[ error ] [8]未定义数组索引: default
[ error ] [8]未定义数组索引: default
[ error ] [8]未定义数组索引: default
---------------------------------------------------------------
[ 2018-06-01T01:53:48-04:00 ] 103.246.145.199 GET /app/ajax.php?s=/member/users/index
[ sql ] [ DB ] CONNECT:[ UseTime:0.000000s ] mysql:host=127.0.0.1;port=3306;dbname=mydata1_db;charset=utf8
[ sql ] [ SQL ] SHOW COLUMNS FROM `mydata1_db`.`k_user` [ RunTime:0.015600s ]
[ sql ] [ SQL ] SELECT * FROM `mydata1_db`.`k_user` WHERE  `uid` = 163 LIMIT 1 [ RunTime:0.000000s ]
[ sql ] [ SQL ] SHOW COLUMNS FROM `mydata1_db`.`k_user_login` [ RunTime:0.015600s ]
[ sql ] [ SQL ] SELECT `is_login` FROM `mydata1_db`.`k_user_login` WHERE  `uid` = 163 LIMIT 1 [ RunTime:0.000000s ]
---------------------------------------------------------------
[ 2018-06-01T01:53:49-04:00 ] 103.246.145.199 POST /app/ajax.php?s=/member/users/notice/get
[ sql ] [ DB ] CONNECT:[ UseTime:0.000000s ] mysql:host=127.0.0.1;port=3306;dbname=mydata1_db;charset=utf8
[ sql ] [ SQL ] SHOW COLUMNS FROM `mydata1_db`.`k_user` [ RunTime:0.015600s ]
[ sql ] [ SQL ] SELECT * FROM `mydata1_db`.`k_user` WHERE  `uid` = 163 LIMIT 1 [ RunTime:0.000000s ]
[ sql ] [ SQL ] SHOW COLUMNS FROM `mydata1_db`.`k_user_login` [ RunTime:0.015600s ]
[ sql ] [ SQL ] SELECT `is_login` FROM `mydata1_db`.`k_user_login` WHERE  `uid` = 163 LIMIT 1 [ RunTime:0.000000s ]
[ sql ] [ SQL ] SHOW COLUMNS FROM `mydata1_db`.`k_user_msg` [ RunTime:0.015600s ]
[ sql ] [ SQL ] SELECT COUNT(*) AS tp_count FROM `mydata1_db`.`k_user_msg` WHERE  `uid` = 163 LIMIT 1 [ RunTime:0.000000s ]
[ sql ] [ SQL ] SELECT * FROM `mydata1_db`.`k_user_msg` WHERE  `uid` = 163 ORDER BY `msg_time` DESC,`msg_id` DESC LIMIT 0,10 [ RunTime:0.000000s ]
---------------------------------------------------------------
[ 2018-06-01T01:53:57-04:00 ] 103.246.145.199 GET /app/ajax.php?s=/member/finance/deposit/list
[ sql ] [ DB ] CONNECT:[ UseTime:0.000000s ] mysql:host=127.0.0.1;port=3306;dbname=mydata1_db;charset=utf8
[ sql ] [ SQL ] SHOW COLUMNS FROM `mydata1_db`.`k_user` [ RunTime:0.015600s ]
[ sql ] [ SQL ] SELECT * FROM `mydata1_db`.`k_user` WHERE  `uid` = 163 LIMIT 1 [ RunTime:0.000000s ]
[ sql ] [ SQL ] SHOW COLUMNS FROM `mydata1_db`.`k_user_login` [ RunTime:0.000000s ]
[ sql ] [ SQL ] SELECT `is_login` FROM `mydata1_db`.`k_user_login` WHERE  `uid` = 163 LIMIT 1 [ RunTime:0.000000s ]
[ error ] [8]未定义数组索引: default
[ error ] [8]未定义数组索引: default
[ error ] [8]未定义数组索引: default
[ error ] [8]未定义数组索引: default
[ error ] [8]未定义数组索引: default
[ error ] [8]未定义数组索引: default
[ error ] [8]未定义数组索引: default
[ error ] [8]未定义数组索引: default
[ error ] [8]未定义数组索引: default
[ error ] [8]未定义数组索引: default
[ error ] [8]未定义数组索引: default
---------------------------------------------------------------
[ 2018-06-01T02:06:47-04:00 ] 182.16.12.117 POST /app/ajax.php?s=/member/users/casino
[ sql ] [ DB ] CONNECT:[ UseTime:0.000000s ] mysql:host=127.0.0.1;port=3306;dbname=mydata1_db;charset=utf8
[ sql ] [ SQL ] SHOW COLUMNS FROM `mydata1_db`.`k_user` [ RunTime:0.015600s ]
[ sql ] [ SQL ] SELECT * FROM `mydata1_db`.`k_user` WHERE  `uid` = 163 LIMIT 1 [ RunTime:0.000000s ]
[ sql ] [ SQL ] SHOW COLUMNS FROM `mydata1_db`.`k_user_login` [ RunTime:0.015600s ]
[ sql ] [ SQL ] SELECT `is_login` FROM `mydata1_db`.`k_user_login` WHERE  `uid` = 163 LIMIT 1 [ RunTime:0.000000s ]
[ sql ] [ SQL ] SHOW COLUMNS FROM `mydata5_db`.`aibo_close_game` [ RunTime:0.015600s ]
[ sql ] [ SQL ] SELECT * FROM `mydata5_db`.`aibo_close_game` WHERE  `id` = 13 LIMIT 1 [ RunTime:0.000000s ]
---------------------------------------------------------------
[ 2018-06-01T02:06:48-04:00 ] 182.16.12.117 POST /app/ajax.php?s=/member/users/casino
[ sql ] [ DB ] CONNECT:[ UseTime:0.015600s ] mysql:host=127.0.0.1;port=3306;dbname=mydata1_db;charset=utf8
[ sql ] [ SQL ] SHOW COLUMNS FROM `mydata1_db`.`k_user` [ RunTime:0.015600s ]
[ sql ] [ SQL ] SELECT * FROM `mydata1_db`.`k_user` WHERE  `uid` = 163 LIMIT 1 [ RunTime:0.000000s ]
[ sql ] [ SQL ] SHOW COLUMNS FROM `mydata1_db`.`k_user_login` [ RunTime:0.015600s ]
[ sql ] [ SQL ] SELECT `is_login` FROM `mydata1_db`.`k_user_login` WHERE  `uid` = 163 LIMIT 1 [ RunTime:0.000000s ]
[ sql ] [ SQL ] SHOW COLUMNS FROM `mydata5_db`.`aibo_close_game` [ RunTime:0.015600s ]
[ sql ] [ SQL ] SELECT * FROM `mydata5_db`.`aibo_close_game` WHERE  `id` = 3 LIMIT 1 [ RunTime:0.000000s ]
---------------------------------------------------------------
[ 2018-06-01T02:06:48-04:00 ] 182.16.12.117 POST /app/ajax.php?s=/member/users/casino
[ sql ] [ DB ] CONNECT:[ UseTime:0.000000s ] mysql:host=127.0.0.1;port=3306;dbname=mydata1_db;charset=utf8
[ sql ] [ SQL ] SHOW COLUMNS FROM `mydata1_db`.`k_user` [ RunTime:0.000000s ]
[ sql ] [ SQL ] SELECT * FROM `mydata1_db`.`k_user` WHERE  `uid` = 163 LIMIT 1 [ RunTime:0.000000s ]
[ sql ] [ SQL ] SHOW COLUMNS FROM `mydata1_db`.`k_user_login` [ RunTime:0.015600s ]
[ sql ] [ SQL ] SELECT `is_login` FROM `mydata1_db`.`k_user_login` WHERE  `uid` = 163 LIMIT 1 [ RunTime:0.000000s ]
---------------------------------------------------------------
[ 2018-06-01T02:06:48-04:00 ] 182.16.12.117 POST /app/ajax.php?s=/member/users/casino
[ sql ] [ DB ] CONNECT:[ UseTime:0.000000s ] mysql:host=127.0.0.1;port=3306;dbname=mydata1_db;charset=utf8
[ sql ] [ SQL ] SHOW COLUMNS FROM `mydata1_db`.`k_user` [ RunTime:0.015600s ]
[ sql ] [ SQL ] SELECT * FROM `mydata1_db`.`k_user` WHERE  `uid` = 163 LIMIT 1 [ RunTime:0.000000s ]
[ sql ] [ SQL ] SHOW COLUMNS FROM `mydata1_db`.`k_user_login` [ RunTime:0.015600s ]
[ sql ] [ SQL ] SELECT `is_login` FROM `mydata1_db`.`k_user_login` WHERE  `uid` = 163 LIMIT 1 [ RunTime:0.000000s ]
---------------------------------------------------------------
[ 2018-06-01T02:06:48-04:00 ] 182.16.12.117 POST /app/ajax.php?s=/member/users/casino
[ sql ] [ DB ] CONNECT:[ UseTime:0.015601s ] mysql:host=127.0.0.1;port=3306;dbname=mydata1_db;charset=utf8
[ sql ] [ SQL ] SHOW COLUMNS FROM `mydata1_db`.`k_user` [ RunTime:0.000000s ]
[ sql ] [ SQL ] SELECT * FROM `mydata1_db`.`k_user` WHERE  `uid` = 163 LIMIT 1 [ RunTime:0.000000s ]
[ sql ] [ SQL ] SHOW COLUMNS FROM `mydata1_db`.`k_user_login` [ RunTime:0.000000s ]
[ sql ] [ SQL ] SELECT `is_login` FROM `mydata1_db`.`k_user_login` WHERE  `uid` = 163 LIMIT 1 [ RunTime:0.000000s ]
[ sql ] [ SQL ] SHOW COLUMNS FROM `mydata5_db`.`aibo_close_game` [ RunTime:0.015600s ]
[ sql ] [ SQL ] SELECT * FROM `mydata5_db`.`aibo_close_game` WHERE  `id` = 4 LIMIT 1 [ RunTime:0.000000s ]
---------------------------------------------------------------
[ 2018-06-01T02:06:49-04:00 ] 182.16.12.117 POST /app/ajax.php?s=/member/users/casino
[ sql ] [ DB ] CONNECT:[ UseTime:0.015600s ] mysql:host=127.0.0.1;port=3306;dbname=mydata1_db;charset=utf8
[ sql ] [ SQL ] SHOW COLUMNS FROM `mydata1_db`.`k_user` [ RunTime:0.015600s ]
[ sql ] [ SQL ] SELECT * FROM `mydata1_db`.`k_user` WHERE  `uid` = 163 LIMIT 1 [ RunTime:0.000000s ]
[ sql ] [ SQL ] SHOW COLUMNS FROM `mydata1_db`.`k_user_login` [ RunTime:0.015600s ]
[ sql ] [ SQL ] SELECT `is_login` FROM `mydata1_db`.`k_user_login` WHERE  `uid` = 163 LIMIT 1 [ RunTime:0.000000s ]
---------------------------------------------------------------
[ 2018-06-01T02:06:49-04:00 ] 182.16.12.117 POST /app/ajax.php?s=/member/users/casino
[ sql ] [ DB ] CONNECT:[ UseTime:0.000000s ] mysql:host=127.0.0.1;port=3306;dbname=mydata1_db;charset=utf8
[ sql ] [ SQL ] SHOW COLUMNS FROM `mydata1_db`.`k_user` [ RunTime:0.015600s ]
[ sql ] [ SQL ] SELECT * FROM `mydata1_db`.`k_user` WHERE  `uid` = 163 LIMIT 1 [ RunTime:0.015600s ]
[ sql ] [ SQL ] SHOW COLUMNS FROM `mydata1_db`.`k_user_login` [ RunTime:0.015600s ]
[ sql ] [ SQL ] SELECT `is_login` FROM `mydata1_db`.`k_user_login` WHERE  `uid` = 163 LIMIT 1 [ RunTime:0.000000s ]
---------------------------------------------------------------
[ 2018-06-01T02:06:49-04:00 ] 182.16.12.117 POST /app/ajax.php?s=/member/users/casino
[ sql ] [ DB ] CONNECT:[ UseTime:0.015600s ] mysql:host=127.0.0.1;port=3306;dbname=mydata1_db;charset=utf8
[ sql ] [ SQL ] SHOW COLUMNS FROM `mydata1_db`.`k_user` [ RunTime:0.015600s ]
[ sql ] [ SQL ] SELECT * FROM `mydata1_db`.`k_user` WHERE  `uid` = 163 LIMIT 1 [ RunTime:0.000000s ]
[ sql ] [ SQL ] SHOW COLUMNS FROM `mydata1_db`.`k_user_login` [ RunTime:0.015600s ]
[ sql ] [ SQL ] SELECT `is_login` FROM `mydata1_db`.`k_user_login` WHERE  `uid` = 163 LIMIT 1 [ RunTime:0.000000s ]
---------------------------------------------------------------
[ 2018-06-01T02:07:01-04:00 ] 182.16.12.117 GET /app/ajax.php?s=/member/finance/deposit/list
[ sql ] [ DB ] CONNECT:[ UseTime:0.000000s ] mysql:host=127.0.0.1;port=3306;dbname=mydata1_db;charset=utf8
[ sql ] [ SQL ] SHOW COLUMNS FROM `mydata1_db`.`k_user` [ RunTime:0.000000s ]
[ sql ] [ SQL ] SELECT * FROM `mydata1_db`.`k_user` WHERE  `uid` = 163 LIMIT 1 [ RunTime:0.000000s ]
[ sql ] [ SQL ] SHOW COLUMNS FROM `mydata1_db`.`k_user_login` [ RunTime:0.000000s ]
[ sql ] [ SQL ] SELECT `is_login` FROM `mydata1_db`.`k_user_login` WHERE  `uid` = 163 LIMIT 1 [ RunTime:0.000000s ]
[ error ] [8]未定义数组索引: default
[ error ] [8]未定义数组索引: default
[ error ] [8]未定义数组索引: default
[ error ] [8]未定义数组索引: default
[ error ] [8]未定义数组索引: default
[ error ] [8]未定义数组索引: default
[ error ] [8]未定义数组索引: default
[ error ] [8]未定义数组索引: default
[ error ] [8]未定义数组索引: default
[ error ] [8]未定义数组索引: default
[ error ] [8]未定义数组索引: default
---------------------------------------------------------------
[ 2018-06-01T08:26:44-04:00 ] 220.195.67.59 GET /app/ajax.php?s=/member/users/index
[ sql ] [ DB ] CONNECT:[ UseTime:0.015600s ] mysql:host=127.0.0.1;port=3306;dbname=mydata1_db;charset=utf8
[ sql ] [ SQL ] SHOW COLUMNS FROM `mydata1_db`.`k_user` [ RunTime:0.015600s ]
[ sql ] [ SQL ] SELECT * FROM `mydata1_db`.`k_user` WHERE  `uid` = 426 LIMIT 1 [ RunTime:0.000000s ]
[ sql ] [ SQL ] SHOW COLUMNS FROM `mydata1_db`.`k_user_login` [ RunTime:0.015600s ]
[ sql ] [ SQL ] SELECT `is_login` FROM `mydata1_db`.`k_user_login` WHERE  `uid` = 426 LIMIT 1 [ RunTime:0.000000s ]
---------------------------------------------------------------
[ 2018-06-01T08:26:44-04:00 ] 220.195.67.59 POST /app/ajax.php?s=/member/users/notice/get
[ sql ] [ DB ] CONNECT:[ UseTime:0.015600s ] mysql:host=127.0.0.1;port=3306;dbname=mydata1_db;charset=utf8
[ sql ] [ SQL ] SHOW COLUMNS FROM `mydata1_db`.`k_user` [ RunTime:0.015600s ]
[ sql ] [ SQL ] SELECT * FROM `mydata1_db`.`k_user` WHERE  `uid` = 426 LIMIT 1 [ RunTime:0.000000s ]
[ sql ] [ SQL ] SHOW COLUMNS FROM `mydata1_db`.`k_user_login` [ RunTime:0.015600s ]
[ sql ] [ SQL ] SELECT `is_login` FROM `mydata1_db`.`k_user_login` WHERE  `uid` = 426 LIMIT 1 [ RunTime:0.000000s ]
[ sql ] [ SQL ] SHOW COLUMNS FROM `mydata1_db`.`k_user_msg` [ RunTime:0.000000s ]
[ sql ] [ SQL ] SELECT COUNT(*) AS tp_count FROM `mydata1_db`.`k_user_msg` WHERE  `uid` = 426 LIMIT 1 [ RunTime:0.000000s ]
[ sql ] [ SQL ] SELECT * FROM `mydata1_db`.`k_user_msg` WHERE  `uid` = 426 ORDER BY `msg_time` DESC,`msg_id` DESC LIMIT 0,10 [ RunTime:0.015600s ]
---------------------------------------------------------------
[ 2018-06-01T08:26:53-04:00 ] 220.195.67.59 GET /app/ajax.php?s=/member/finance/deposit/list
[ sql ] [ DB ] CONNECT:[ UseTime:0.000000s ] mysql:host=127.0.0.1;port=3306;dbname=mydata1_db;charset=utf8
[ sql ] [ SQL ] SHOW COLUMNS FROM `mydata1_db`.`k_user` [ RunTime:0.015600s ]
[ sql ] [ SQL ] SELECT * FROM `mydata1_db`.`k_user` WHERE  `uid` = 426 LIMIT 1 [ RunTime:0.000000s ]
[ sql ] [ SQL ] SHOW COLUMNS FROM `mydata1_db`.`k_user_login` [ RunTime:0.015600s ]
[ sql ] [ SQL ] SELECT `is_login` FROM `mydata1_db`.`k_user_login` WHERE  `uid` = 426 LIMIT 1 [ RunTime:0.000000s ]
[ error ] [8]未定义数组索引: default
[ error ] [8]未定义数组索引: default
[ error ] [8]未定义数组索引: default
[ error ] [8]未定义数组索引: default
[ error ] [8]未定义数组索引: default
[ error ] [8]未定义数组索引: default
[ error ] [8]未定义数组索引: default
[ error ] [8]未定义数组索引: default
[ error ] [8]未定义数组索引: default
[ error ] [8]未定义数组索引: default
[ error ] [8]未定义数组索引: default
---------------------------------------------------------------
[ 2018-06-01T08:26:57-04:00 ] 220.195.67.59 POST /app/ajax.php?s=/member/users/notice/get
[ sql ] [ DB ] CONNECT:[ UseTime:0.000000s ] mysql:host=127.0.0.1;port=3306;dbname=mydata1_db;charset=utf8
[ sql ] [ SQL ] SHOW COLUMNS FROM `mydata1_db`.`k_user` [ RunTime:0.015600s ]
[ sql ] [ SQL ] SELECT * FROM `mydata1_db`.`k_user` WHERE  `uid` = 426 LIMIT 1 [ RunTime:0.000000s ]
[ sql ] [ SQL ] SHOW COLUMNS FROM `mydata1_db`.`k_user_login` [ RunTime:0.015600s ]
[ sql ] [ SQL ] SELECT `is_login` FROM `mydata1_db`.`k_user_login` WHERE  `uid` = 426 LIMIT 1 [ RunTime:0.000000s ]
[ sql ] [ SQL ] SHOW COLUMNS FROM `mydata1_db`.`k_user_msg` [ RunTime:0.000000s ]
[ sql ] [ SQL ] SELECT COUNT(*) AS tp_count FROM `mydata1_db`.`k_user_msg` WHERE  `uid` = 426 LIMIT 1 [ RunTime:0.000000s ]
[ sql ] [ SQL ] SELECT * FROM `mydata1_db`.`k_user_msg` WHERE  `uid` = 426 ORDER BY `msg_time` DESC,`msg_id` DESC LIMIT 0,10 [ RunTime:0.000000s ]
---------------------------------------------------------------
[ 2018-06-01T08:27:02-04:00 ] 220.195.67.59 GET /app/ajax.php?s=/member/users/notice/read/1619
[ sql ] [ DB ] CONNECT:[ UseTime:0.015600s ] mysql:host=127.0.0.1;port=3306;dbname=mydata1_db;charset=utf8
[ sql ] [ SQL ] SHOW COLUMNS FROM `mydata1_db`.`k_user` [ RunTime:0.016601s ]
[ sql ] [ SQL ] SELECT * FROM `mydata1_db`.`k_user` WHERE  `uid` = 426 LIMIT 1 [ RunTime:0.000000s ]
[ sql ] [ SQL ] SHOW COLUMNS FROM `mydata1_db`.`k_user_login` [ RunTime:0.015600s ]
[ sql ] [ SQL ] SELECT `is_login` FROM `mydata1_db`.`k_user_login` WHERE  `uid` = 426 LIMIT 1 [ RunTime:0.000000s ]
[ sql ] [ SQL ] SHOW COLUMNS FROM `mydata1_db`.`k_user_msg` [ RunTime:0.015600s ]
[ sql ] [ SQL ] UPDATE `mydata1_db`.`k_user_msg`  SET `islook`=1  WHERE  `msg_id` = 1619  AND `uid` = 426 [ RunTime:0.000000s ]
---------------------------------------------------------------
[ 2018-06-01T08:27:15-04:00 ] 220.195.67.59 POST /app/ajax.php?s=/member/common/notice
[ sql ] [ DB ] CONNECT:[ UseTime:0.000000s ] mysql:host=127.0.0.1;port=3306;dbname=mydata1_db;charset=utf8
[ sql ] [ SQL ] SHOW COLUMNS FROM `mydata1_db`.`k_notice` [ RunTime:0.015600s ]
[ sql ] [ SQL ] SELECT COUNT(*) AS tp_count FROM `mydata1_db`.`k_notice` WHERE  `is_show` = 1 LIMIT 1 [ RunTime:0.000000s ]
[ sql ] [ SQL ] SELECT * FROM `mydata1_db`.`k_notice` WHERE  `is_show` = 1 ORDER BY `sort` DESC,`nid` DESC LIMIT 0,5 [ RunTime:0.000000s ]
---------------------------------------------------------------
[ 2018-06-01T08:27:15-04:00 ] 220.195.67.59 GET /app/ajax.php?s=/member/report/lastWeek
[ sql ] [ DB ] CONNECT:[ UseTime:0.000000s ] mysql:host=127.0.0.1;port=3306;dbname=mydata1_db;charset=utf8
[ sql ] [ SQL ] SHOW COLUMNS FROM `mydata1_db`.`k_user` [ RunTime:0.000000s ]
[ sql ] [ SQL ] SELECT * FROM `mydata1_db`.`k_user` WHERE  `uid` = 426 LIMIT 1 [ RunTime:0.000000s ]
[ sql ] [ SQL ] SHOW COLUMNS FROM `mydata1_db`.`k_user_login` [ RunTime:0.015600s ]
[ sql ] [ SQL ] SELECT `is_login` FROM `mydata1_db`.`k_user_login` WHERE  `uid` = 426 LIMIT 1 [ RunTime:0.000000s ]
[ sql ] [ SQL ] SHOW COLUMNS FROM `mydata1_db`.`k_bet` [ RunTime:0.015600s ]
[ sql ] [ SQL ] SELECT `win`,`bet_money` FROM `mydata1_db`.`k_bet` WHERE  `status` BETWEEN 0 AND 8  AND `uid` = 426  AND `bet_time` BETWEEN '2018-05-25 00:00:00' AND '2018-06-01 23:59:59' [ RunTime:0.000000s ]
[ sql ] [ SQL ] SHOW COLUMNS FROM `mydata1_db`.`daily_report` [ RunTime:0.015600s ]
[ sql ] [ SQL ] SELECT `platform_id`,`bet_amount`,`net_amount`,`rows_num` FROM `mydata1_db`.`daily_report` WHERE  `uid` = 426  AND `report_date` BETWEEN 1527220800 AND 1527911999 [ RunTime:0.000000s ]
[ sql ] [ SQL ] SHOW COLUMNS FROM `mydata1_db`.`c_bet` [ RunTime:0.015600s ]
[ sql ] [ SQL ] SELECT `money`,`win` FROM `mydata1_db`.`c_bet` WHERE  `uid` = 426  AND `addtime` BETWEEN '2018-05-25 00:00:00' AND '2018-06-01 23:59:59'  AND `js` = 1 [ RunTime:0.000000s ]
[ sql ] [ SQL ] SHOW COLUMNS FROM `mydata1_db`.`c_bet_3` [ RunTime:0.000000s ]
[ sql ] [ SQL ] SELECT `money`,`win` FROM `mydata1_db`.`c_bet_3` WHERE  `uid` = 426  AND `addtime` BETWEEN '2018-05-25 00:00:00' AND '2018-06-01 23:59:59'  AND `js` = 1 [ RunTime:0.000000s ]
[ sql ] [ SQL ] SHOW COLUMNS FROM `mydata1_db`.`c_bet_data` [ RunTime:0.015600s ]
[ sql ] [ SQL ] SELECT `money`,`win` FROM `mydata1_db`.`c_bet_data` WHERE  `uid` = 426  AND `addtime` BETWEEN 1527220800 AND 1527911999  AND `status` = 1 [ RunTime:0.000000s ]
[ sql ] [ SQL ] SHOW COLUMNS FROM `mydata1_db`.`lottery_data` [ RunTime:0.015601s ]
[ sql ] [ SQL ] SELECT `money`,`win` FROM `mydata1_db`.`lottery_data` WHERE  `username` = 'atest123'  AND `bet_time` BETWEEN '2018-05-25 00:00:00' AND '2018-06-01 23:59:59'  AND `bet_ok` = 1 [ RunTime:0.000000s ]
[ sql ] [ SQL ] SHOW COLUMNS FROM `mydata2_db`.`ka_tan` [ RunTime:0.015600s ]
[ sql ] [ SQL ] SELECT `sum_m`,`rate`,`bm` FROM `mydata2_db`.`ka_tan` WHERE  `username` = 'atest123'  AND `adddate` BETWEEN '2018-05-25 12:00:00' AND '2018-06-02 11:59:59'  AND `checked` = 1  AND `bm` <> 2 [ RunTime:0.000000s ]
---------------------------------------------------------------
[ 2018-06-01T08:27:16-04:00 ] 220.195.67.59 POST /app/ajax.php?s=/member/users/notice/get
[ sql ] [ DB ] CONNECT:[ UseTime:0.000000s ] mysql:host=127.0.0.1;port=3306;dbname=mydata1_db;charset=utf8
[ sql ] [ SQL ] SHOW COLUMNS FROM `mydata1_db`.`k_user` [ RunTime:0.015600s ]
[ sql ] [ SQL ] SELECT * FROM `mydata1_db`.`k_user` WHERE  `uid` = 426 LIMIT 1 [ RunTime:0.000000s ]
[ sql ] [ SQL ] SHOW COLUMNS FROM `mydata1_db`.`k_user_login` [ RunTime:0.015601s ]
[ sql ] [ SQL ] SELECT `is_login` FROM `mydata1_db`.`k_user_login` WHERE  `uid` = 426 LIMIT 1 [ RunTime:0.000000s ]
[ sql ] [ SQL ] SHOW COLUMNS FROM `mydata1_db`.`k_user_msg` [ RunTime:0.015600s ]
[ sql ] [ SQL ] SELECT COUNT(*) AS tp_count FROM `mydata1_db`.`k_user_msg` WHERE  `uid` = 426 LIMIT 1 [ RunTime:0.000000s ]
[ sql ] [ SQL ] SELECT * FROM `mydata1_db`.`k_user_msg` WHERE  `uid` = 426 ORDER BY `msg_time` DESC,`msg_id` DESC LIMIT 0,10 [ RunTime:0.000000s ]
---------------------------------------------------------------
[ 2018-06-01T08:27:23-04:00 ] 220.195.67.59 POST /app/ajax.php?s=/member/users/casino
[ sql ] [ DB ] CONNECT:[ UseTime:0.015600s ] mysql:host=127.0.0.1;port=3306;dbname=mydata1_db;charset=utf8
[ sql ] [ SQL ] SHOW COLUMNS FROM `mydata1_db`.`k_user` [ RunTime:0.015601s ]
[ sql ] [ SQL ] SELECT * FROM `mydata1_db`.`k_user` WHERE  `uid` = 426 LIMIT 1 [ RunTime:0.000000s ]
[ sql ] [ SQL ] SHOW COLUMNS FROM `mydata1_db`.`k_user_login` [ RunTime:0.015600s ]
[ sql ] [ SQL ] SELECT `is_login` FROM `mydata1_db`.`k_user_login` WHERE  `uid` = 426 LIMIT 1 [ RunTime:0.000000s ]
[ sql ] [ SQL ] SHOW COLUMNS FROM `mydata5_db`.`aibo_close_game` [ RunTime:0.015600s ]
[ sql ] [ SQL ] SELECT * FROM `mydata5_db`.`aibo_close_game` WHERE  `id` = 13 LIMIT 1 [ RunTime:0.000000s ]
---------------------------------------------------------------
[ 2018-06-01T08:27:23-04:00 ] 220.195.67.59 POST /app/ajax.php?s=/member/users/casino
[ sql ] [ DB ] CONNECT:[ UseTime:0.000000s ] mysql:host=127.0.0.1;port=3306;dbname=mydata1_db;charset=utf8
[ sql ] [ SQL ] SHOW COLUMNS FROM `mydata1_db`.`k_user` [ RunTime:0.001000s ]
[ sql ] [ SQL ] SELECT * FROM `mydata1_db`.`k_user` WHERE  `uid` = 426 LIMIT 1 [ RunTime:0.015600s ]
[ sql ] [ SQL ] SHOW COLUMNS FROM `mydata1_db`.`k_user_login` [ RunTime:0.000000s ]
[ sql ] [ SQL ] SELECT `is_login` FROM `mydata1_db`.`k_user_login` WHERE  `uid` = 426 LIMIT 1 [ RunTime:0.000000s ]
[ sql ] [ SQL ] SHOW COLUMNS FROM `mydata5_db`.`aibo_close_game` [ RunTime:0.015600s ]
[ sql ] [ SQL ] SELECT * FROM `mydata5_db`.`aibo_close_game` WHERE  `id` = 3 LIMIT 1 [ RunTime:0.000000s ]
---------------------------------------------------------------
[ 2018-06-01T08:27:24-04:00 ] 220.195.67.59 POST /app/ajax.php?s=/member/users/casino
[ sql ] [ DB ] CONNECT:[ UseTime:0.015600s ] mysql:host=127.0.0.1;port=3306;dbname=mydata1_db;charset=utf8
[ sql ] [ SQL ] SHOW COLUMNS FROM `mydata1_db`.`k_user` [ RunTime:0.015600s ]
[ sql ] [ SQL ] SELECT * FROM `mydata1_db`.`k_user` WHERE  `uid` = 426 LIMIT 1 [ RunTime:0.000000s ]
[ sql ] [ SQL ] SHOW COLUMNS FROM `mydata1_db`.`k_user_login` [ RunTime:0.015601s ]
[ sql ] [ SQL ] SELECT `is_login` FROM `mydata1_db`.`k_user_login` WHERE  `uid` = 426 LIMIT 1 [ RunTime:0.000000s ]
---------------------------------------------------------------
[ 2018-06-01T08:27:24-04:00 ] 220.195.67.59 POST /app/ajax.php?s=/member/users/casino
[ sql ] [ DB ] CONNECT:[ UseTime:0.015600s ] mysql:host=127.0.0.1;port=3306;dbname=mydata1_db;charset=utf8
[ sql ] [ SQL ] SHOW COLUMNS FROM `mydata1_db`.`k_user` [ RunTime:0.015600s ]
[ sql ] [ SQL ] SELECT * FROM `mydata1_db`.`k_user` WHERE  `uid` = 426 LIMIT 1 [ RunTime:0.000000s ]
[ sql ] [ SQL ] SHOW COLUMNS FROM `mydata1_db`.`k_user_login` [ RunTime:0.015600s ]
[ sql ] [ SQL ] SELECT `is_login` FROM `mydata1_db`.`k_user_login` WHERE  `uid` = 426 LIMIT 1 [ RunTime:0.000000s ]
---------------------------------------------------------------
[ 2018-06-01T08:27:24-04:00 ] 220.195.67.59 POST /app/ajax.php?s=/member/users/casino
[ sql ] [ DB ] CONNECT:[ UseTime:0.000000s ] mysql:host=127.0.0.1;port=3306;dbname=mydata1_db;charset=utf8
[ sql ] [ SQL ] SHOW COLUMNS FROM `mydata1_db`.`k_user` [ RunTime:0.015600s ]
[ sql ] [ SQL ] SELECT * FROM `mydata1_db`.`k_user` WHERE  `uid` = 426 LIMIT 1 [ RunTime:0.000000s ]
[ sql ] [ SQL ] SHOW COLUMNS FROM `mydata1_db`.`k_user_login` [ RunTime:0.015601s ]
[ sql ] [ SQL ] SELECT `is_login` FROM `mydata1_db`.`k_user_login` WHERE  `uid` = 426 LIMIT 1 [ RunTime:0.000000s ]
[ sql ] [ SQL ] SHOW COLUMNS FROM `mydata5_db`.`aibo_close_game` [ RunTime:0.000000s ]
[ sql ] [ SQL ] SELECT * FROM `mydata5_db`.`aibo_close_game` WHERE  `id` = 4 LIMIT 1 [ RunTime:0.000000s ]
---------------------------------------------------------------
[ 2018-06-01T09:18:22-04:00 ] 103.246.145.199 GET /app/ajax.php?s=/member/users/index
[ sql ] [ DB ] CONNECT:[ UseTime:0.015600s ] mysql:host=127.0.0.1;port=3306;dbname=mydata1_db;charset=utf8
[ sql ] [ SQL ] SHOW COLUMNS FROM `mydata1_db`.`k_user` [ RunTime:0.015600s ]
[ sql ] [ SQL ] SELECT * FROM `mydata1_db`.`k_user` WHERE  `uid` = 163 LIMIT 1 [ RunTime:0.000000s ]
[ sql ] [ SQL ] SHOW COLUMNS FROM `mydata1_db`.`k_user_login` [ RunTime:0.000000s ]
[ sql ] [ SQL ] SELECT `is_login` FROM `mydata1_db`.`k_user_login` WHERE  `uid` = 163 LIMIT 1 [ RunTime:0.015600s ]
---------------------------------------------------------------
[ 2018-06-01T20:50:05-04:00 ] 103.246.145.199 GET /app/ajax.php?s=/member/users/index
[ sql ] [ DB ] CONNECT:[ UseTime:0.000000s ] mysql:host=127.0.0.1;port=3306;dbname=mydata1_db;charset=utf8
[ sql ] [ SQL ] SHOW COLUMNS FROM `mydata1_db`.`k_user` [ RunTime:0.015600s ]
[ sql ] [ SQL ] SELECT * FROM `mydata1_db`.`k_user` WHERE  `uid` = 2 LIMIT 1 [ RunTime:0.000000s ]
[ sql ] [ SQL ] SHOW COLUMNS FROM `mydata1_db`.`k_user_login` [ RunTime:0.015600s ]
[ sql ] [ SQL ] SELECT `is_login` FROM `mydata1_db`.`k_user_login` WHERE  `uid` = 2 LIMIT 1 [ RunTime:0.000000s ]
---------------------------------------------------------------
[ 2018-06-01T20:50:05-04:00 ] 103.246.145.199 POST /app/ajax.php?s=/member/users/casino
[ sql ] [ DB ] CONNECT:[ UseTime:0.015600s ] mysql:host=127.0.0.1;port=3306;dbname=mydata1_db;charset=utf8
[ sql ] [ SQL ] SHOW COLUMNS FROM `mydata1_db`.`k_user` [ RunTime:0.015600s ]
[ sql ] [ SQL ] SELECT * FROM `mydata1_db`.`k_user` WHERE  `uid` = 2 LIMIT 1 [ RunTime:0.000000s ]
[ sql ] [ SQL ] SHOW COLUMNS FROM `mydata1_db`.`k_user_login` [ RunTime:0.015600s ]
[ sql ] [ SQL ] SELECT `is_login` FROM `mydata1_db`.`k_user_login` WHERE  `uid` = 2 LIMIT 1 [ RunTime:0.000000s ]
[ sql ] [ SQL ] SHOW COLUMNS FROM `mydata5_db`.`aibo_close_game` [ RunTime:0.015600s ]
[ sql ] [ SQL ] SELECT * FROM `mydata5_db`.`aibo_close_game` WHERE  `id` = 13 LIMIT 1 [ RunTime:0.000000s ]
---------------------------------------------------------------
[ 2018-06-01T20:50:05-04:00 ] 103.246.145.199 POST /app/ajax.php?s=/member/users/casino
[ sql ] [ DB ] CONNECT:[ UseTime:0.015600s ] mysql:host=127.0.0.1;port=3306;dbname=mydata1_db;charset=utf8
[ sql ] [ SQL ] SHOW COLUMNS FROM `mydata1_db`.`k_user` [ RunTime:0.015600s ]
[ sql ] [ SQL ] SELECT * FROM `mydata1_db`.`k_user` WHERE  `uid` = 2 LIMIT 1 [ RunTime:0.000000s ]
[ sql ] [ SQL ] SHOW COLUMNS FROM `mydata1_db`.`k_user_login` [ RunTime:0.015600s ]
[ sql ] [ SQL ] SELECT `is_login` FROM `mydata1_db`.`k_user_login` WHERE  `uid` = 2 LIMIT 1 [ RunTime:0.000000s ]
[ sql ] [ SQL ] SHOW COLUMNS FROM `mydata5_db`.`aibo_close_game` [ RunTime:0.015600s ]
[ sql ] [ SQL ] SELECT * FROM `mydata5_db`.`aibo_close_game` WHERE  `id` = 3 LIMIT 1 [ RunTime:0.000000s ]
---------------------------------------------------------------
[ 2018-06-01T20:50:05-04:00 ] 103.246.145.199 POST /app/ajax.php?s=/member/users/casino
[ sql ] [ DB ] CONNECT:[ UseTime:0.015600s ] mysql:host=127.0.0.1;port=3306;dbname=mydata1_db;charset=utf8
[ sql ] [ SQL ] SHOW COLUMNS FROM `mydata1_db`.`k_user` [ RunTime:0.000000s ]
[ sql ] [ SQL ] SELECT * FROM `mydata1_db`.`k_user` WHERE  `uid` = 2 LIMIT 1 [ RunTime:0.000000s ]
[ sql ] [ SQL ] SHOW COLUMNS FROM `mydata1_db`.`k_user_login` [ RunTime:0.000000s ]
[ sql ] [ SQL ] SELECT `is_login` FROM `mydata1_db`.`k_user_login` WHERE  `uid` = 2 LIMIT 1 [ RunTime:0.015600s ]
---------------------------------------------------------------
[ 2018-06-01T20:50:06-04:00 ] 103.246.145.199 POST /app/ajax.php?s=/member/users/casino
[ sql ] [ DB ] CONNECT:[ UseTime:0.015600s ] mysql:host=127.0.0.1;port=3306;dbname=mydata1_db;charset=utf8
[ sql ] [ SQL ] SHOW COLUMNS FROM `mydata1_db`.`k_user` [ RunTime:0.015600s ]
[ sql ] [ SQL ] SELECT * FROM `mydata1_db`.`k_user` WHERE  `uid` = 2 LIMIT 1 [ RunTime:0.000000s ]
[ sql ] [ SQL ] SHOW COLUMNS FROM `mydata1_db`.`k_user_login` [ RunTime:0.015600s ]
[ sql ] [ SQL ] SELECT `is_login` FROM `mydata1_db`.`k_user_login` WHERE  `uid` = 2 LIMIT 1 [ RunTime:0.000000s ]
---------------------------------------------------------------
[ 2018-06-01T20:50:06-04:00 ] 103.246.145.199 POST /app/ajax.php?s=/member/users/casino
[ sql ] [ DB ] CONNECT:[ UseTime:0.015600s ] mysql:host=127.0.0.1;port=3306;dbname=mydata1_db;charset=utf8
[ sql ] [ SQL ] SHOW COLUMNS FROM `mydata1_db`.`k_user` [ RunTime:0.000000s ]
[ sql ] [ SQL ] SELECT * FROM `mydata1_db`.`k_user` WHERE  `uid` = 2 LIMIT 1 [ RunTime:0.000000s ]
[ sql ] [ SQL ] SHOW COLUMNS FROM `mydata1_db`.`k_user_login` [ RunTime:0.015600s ]
[ sql ] [ SQL ] SELECT `is_login` FROM `mydata1_db`.`k_user_login` WHERE  `uid` = 2 LIMIT 1 [ RunTime:0.000000s ]
[ sql ] [ SQL ] SHOW COLUMNS FROM `mydata5_db`.`aibo_close_game` [ RunTime:0.015600s ]
[ sql ] [ SQL ] SELECT * FROM `mydata5_db`.`aibo_close_game` WHERE  `id` = 4 LIMIT 1 [ RunTime:0.000000s ]
---------------------------------------------------------------
[ 2018-06-01T20:50:06-04:00 ] 103.246.145.199 POST /app/ajax.php?s=/member/users/casino
[ sql ] [ DB ] CONNECT:[ UseTime:0.015600s ] mysql:host=127.0.0.1;port=3306;dbname=mydata1_db;charset=utf8
[ sql ] [ SQL ] SHOW COLUMNS FROM `mydata1_db`.`k_user` [ RunTime:0.015600s ]
[ sql ] [ SQL ] SELECT * FROM `mydata1_db`.`k_user` WHERE  `uid` = 2 LIMIT 1 [ RunTime:0.000000s ]
[ sql ] [ SQL ] SHOW COLUMNS FROM `mydata1_db`.`k_user_login` [ RunTime:0.015600s ]
[ sql ] [ SQL ] SELECT `is_login` FROM `mydata1_db`.`k_user_login` WHERE  `uid` = 2 LIMIT 1 [ RunTime:0.000000s ]
---------------------------------------------------------------
[ 2018-06-01T20:50:06-04:00 ] 103.246.145.199 POST /app/ajax.php?s=/member/users/casino
[ sql ] [ DB ] CONNECT:[ UseTime:0.015600s ] mysql:host=127.0.0.1;port=3306;dbname=mydata1_db;charset=utf8
[ sql ] [ SQL ] SHOW COLUMNS FROM `mydata1_db`.`k_user` [ RunTime:0.015600s ]
[ sql ] [ SQL ] SELECT * FROM `mydata1_db`.`k_user` WHERE  `uid` = 2 LIMIT 1 [ RunTime:0.000000s ]
[ sql ] [ SQL ] SHOW COLUMNS FROM `mydata1_db`.`k_user_login` [ RunTime:0.015600s ]
[ sql ] [ SQL ] SELECT `is_login` FROM `mydata1_db`.`k_user_login` WHERE  `uid` = 2 LIMIT 1 [ RunTime:0.000000s ]
---------------------------------------------------------------
[ 2018-06-01T20:50:06-04:00 ] 103.246.145.199 POST /app/ajax.php?s=/member/users/casino
[ sql ] [ DB ] CONNECT:[ UseTime:0.015600s ] mysql:host=127.0.0.1;port=3306;dbname=mydata1_db;charset=utf8
[ sql ] [ SQL ] SHOW COLUMNS FROM `mydata1_db`.`k_user` [ RunTime:0.015600s ]
[ sql ] [ SQL ] SELECT * FROM `mydata1_db`.`k_user` WHERE  `uid` = 2 LIMIT 1 [ RunTime:0.000000s ]
[ sql ] [ SQL ] SHOW COLUMNS FROM `mydata1_db`.`k_user_login` [ RunTime:0.015600s ]
[ sql ] [ SQL ] SELECT `is_login` FROM `mydata1_db`.`k_user_login` WHERE  `uid` = 2 LIMIT 1 [ RunTime:0.000000s ]
---------------------------------------------------------------
[ 2018-06-01T20:50:07-04:00 ] 103.246.145.199 POST /app/ajax.php?s=/member/users/casino
[ sql ] [ DB ] CONNECT:[ UseTime:0.015600s ] mysql:host=127.0.0.1;port=3306;dbname=mydata1_db;charset=utf8
[ sql ] [ SQL ] SHOW COLUMNS FROM `mydata1_db`.`k_user` [ RunTime:0.015600s ]
[ sql ] [ SQL ] SELECT * FROM `mydata1_db`.`k_user` WHERE  `uid` = 2 LIMIT 1 [ RunTime:0.000000s ]
[ sql ] [ SQL ] SHOW COLUMNS FROM `mydata1_db`.`k_user_login` [ RunTime:0.015600s ]
[ sql ] [ SQL ] SELECT `is_login` FROM `mydata1_db`.`k_user_login` WHERE  `uid` = 2 LIMIT 1 [ RunTime:0.000000s ]
---------------------------------------------------------------
[ 2018-06-01T20:50:07-04:00 ] 103.246.145.199 POST /app/ajax.php?s=/member/users/casino
[ sql ] [ DB ] CONNECT:[ UseTime:0.000000s ] mysql:host=127.0.0.1;port=3306;dbname=mydata1_db;charset=utf8
[ sql ] [ SQL ] SHOW COLUMNS FROM `mydata1_db`.`k_user` [ RunTime:0.015600s ]
[ sql ] [ SQL ] SELECT * FROM `mydata1_db`.`k_user` WHERE  `uid` = 2 LIMIT 1 [ RunTime:0.000000s ]
[ sql ] [ SQL ] SHOW COLUMNS FROM `mydata1_db`.`k_user_login` [ RunTime:0.015600s ]
[ sql ] [ SQL ] SELECT `is_login` FROM `mydata1_db`.`k_user_login` WHERE  `uid` = 2 LIMIT 1 [ RunTime:0.000000s ]
---------------------------------------------------------------
[ 2018-06-01T20:50:07-04:00 ] 103.246.145.199 POST /app/ajax.php?s=/member/users/casino
[ sql ] [ DB ] CONNECT:[ UseTime:0.000000s ] mysql:host=127.0.0.1;port=3306;dbname=mydata1_db;charset=utf8
[ sql ] [ SQL ] SHOW COLUMNS FROM `mydata1_db`.`k_user` [ RunTime:0.015600s ]
[ sql ] [ SQL ] SELECT * FROM `mydata1_db`.`k_user` WHERE  `uid` = 2 LIMIT 1 [ RunTime:0.000000s ]
[ sql ] [ SQL ] SHOW COLUMNS FROM `mydata1_db`.`k_user_login` [ RunTime:0.015601s ]
[ sql ] [ SQL ] SELECT `is_login` FROM `mydata1_db`.`k_user_login` WHERE  `uid` = 2 LIMIT 1 [ RunTime:0.000000s ]
---------------------------------------------------------------
[ 2018-06-01T20:50:07-04:00 ] 103.246.145.199 POST /app/ajax.php?s=/member/users/casino
[ sql ] [ DB ] CONNECT:[ UseTime:0.000000s ] mysql:host=127.0.0.1;port=3306;dbname=mydata1_db;charset=utf8
[ sql ] [ SQL ] SHOW COLUMNS FROM `mydata1_db`.`k_user` [ RunTime:0.015600s ]
[ sql ] [ SQL ] SELECT * FROM `mydata1_db`.`k_user` WHERE  `uid` = 2 LIMIT 1 [ RunTime:0.000000s ]
[ sql ] [ SQL ] SHOW COLUMNS FROM `mydata1_db`.`k_user_login` [ RunTime:0.015600s ]
[ sql ] [ SQL ] SELECT `is_login` FROM `mydata1_db`.`k_user_login` WHERE  `uid` = 2 LIMIT 1 [ RunTime:0.000000s ]
---------------------------------------------------------------
[ 2018-06-01T20:50:07-04:00 ] 103.246.145.199 POST /app/ajax.php?s=/member/users/casino
[ sql ] [ DB ] CONNECT:[ UseTime:0.000000s ] mysql:host=127.0.0.1;port=3306;dbname=mydata1_db;charset=utf8
[ sql ] [ SQL ] SHOW COLUMNS FROM `mydata1_db`.`k_user` [ RunTime:0.015600s ]
[ sql ] [ SQL ] SELECT * FROM `mydata1_db`.`k_user` WHERE  `uid` = 2 LIMIT 1 [ RunTime:0.015600s ]
[ sql ] [ SQL ] SHOW COLUMNS FROM `mydata1_db`.`k_user_login` [ RunTime:0.015600s ]
[ sql ] [ SQL ] SELECT `is_login` FROM `mydata1_db`.`k_user_login` WHERE  `uid` = 2 LIMIT 1 [ RunTime:0.000000s ]
---------------------------------------------------------------
[ 2018-06-01T20:50:08-04:00 ] 103.246.145.199 POST /app/ajax.php?s=/member/users/casino
[ sql ] [ DB ] CONNECT:[ UseTime:0.000000s ] mysql:host=127.0.0.1;port=3306;dbname=mydata1_db;charset=utf8
[ sql ] [ SQL ] SHOW COLUMNS FROM `mydata1_db`.`k_user` [ RunTime:0.015600s ]
[ sql ] [ SQL ] SELECT * FROM `mydata1_db`.`k_user` WHERE  `uid` = 2 LIMIT 1 [ RunTime:0.000000s ]
[ sql ] [ SQL ] SHOW COLUMNS FROM `mydata1_db`.`k_user_login` [ RunTime:0.000000s ]
[ sql ] [ SQL ] SELECT `is_login` FROM `mydata1_db`.`k_user_login` WHERE  `uid` = 2 LIMIT 1 [ RunTime:0.000000s ]
---------------------------------------------------------------
[ 2018-06-01T20:50:08-04:00 ] 103.246.145.199 POST /app/ajax.php?s=/member/users/casino
[ sql ] [ DB ] CONNECT:[ UseTime:0.015600s ] mysql:host=127.0.0.1;port=3306;dbname=mydata1_db;charset=utf8
[ sql ] [ SQL ] SHOW COLUMNS FROM `mydata1_db`.`k_user` [ RunTime:0.015600s ]
[ sql ] [ SQL ] SELECT * FROM `mydata1_db`.`k_user` WHERE  `uid` = 2 LIMIT 1 [ RunTime:0.000000s ]
[ sql ] [ SQL ] SHOW COLUMNS FROM `mydata1_db`.`k_user_login` [ RunTime:0.015600s ]
[ sql ] [ SQL ] SELECT `is_login` FROM `mydata1_db`.`k_user_login` WHERE  `uid` = 2 LIMIT 1 [ RunTime:0.000000s ]
[ sql ] [ SQL ] SHOW COLUMNS FROM `mydata5_db`.`aibo_close_game` [ RunTime:0.015600s ]
[ sql ] [ SQL ] SELECT * FROM `mydata5_db`.`aibo_close_game` WHERE  `id` = 8 LIMIT 1 [ RunTime:0.000000s ]
---------------------------------------------------------------
[ 2018-06-01T20:50:08-04:00 ] 103.246.145.199 POST /app/ajax.php?s=/member/users/casino
[ sql ] [ DB ] CONNECT:[ UseTime:0.015600s ] mysql:host=127.0.0.1;port=3306;dbname=mydata1_db;charset=utf8
[ sql ] [ SQL ] SHOW COLUMNS FROM `mydata1_db`.`k_user` [ RunTime:0.015600s ]
[ sql ] [ SQL ] SELECT * FROM `mydata1_db`.`k_user` WHERE  `uid` = 2 LIMIT 1 [ RunTime:0.000000s ]
[ sql ] [ SQL ] SHOW COLUMNS FROM `mydata1_db`.`k_user_login` [ RunTime:0.015600s ]
[ sql ] [ SQL ] SELECT `is_login` FROM `mydata1_db`.`k_user_login` WHERE  `uid` = 2 LIMIT 1 [ RunTime:0.000000s ]
---------------------------------------------------------------
[ 2018-06-01T20:50:08-04:00 ] 103.246.145.199 POST /app/ajax.php?s=/member/users/casino
[ sql ] [ DB ] CONNECT:[ UseTime:0.015600s ] mysql:host=127.0.0.1;port=3306;dbname=mydata1_db;charset=utf8
[ sql ] [ SQL ] SHOW COLUMNS FROM `mydata1_db`.`k_user` [ RunTime:0.015600s ]
[ sql ] [ SQL ] SELECT * FROM `mydata1_db`.`k_user` WHERE  `uid` = 2 LIMIT 1 [ RunTime:0.000000s ]
[ sql ] [ SQL ] SHOW COLUMNS FROM `mydata1_db`.`k_user_login` [ RunTime:0.015600s ]
[ sql ] [ SQL ] SELECT `is_login` FROM `mydata1_db`.`k_user_login` WHERE  `uid` = 2 LIMIT 1 [ RunTime:0.000000s ]
[ sql ] [ SQL ] SHOW COLUMNS FROM `mydata5_db`.`aibo_close_game` [ RunTime:0.000000s ]
[ sql ] [ SQL ] SELECT * FROM `mydata5_db`.`aibo_close_game` WHERE  `id` = 6 LIMIT 1 [ RunTime:0.015600s ]
---------------------------------------------------------------
[ 2018-06-01T20:50:15-04:00 ] 103.246.145.199 POST /app/ajax.php?s=/member/finance/casino
[ sql ] [ DB ] CONNECT:[ UseTime:0.015600s ] mysql:host=127.0.0.1;port=3306;dbname=mydata1_db;charset=utf8
[ sql ] [ SQL ] SHOW COLUMNS FROM `mydata1_db`.`k_user` [ RunTime:0.015600s ]
[ sql ] [ SQL ] SELECT * FROM `mydata1_db`.`k_user` WHERE  `uid` = 2 LIMIT 1 [ RunTime:0.000000s ]
[ sql ] [ SQL ] SHOW COLUMNS FROM `mydata1_db`.`k_user_login` [ RunTime:0.015600s ]
[ sql ] [ SQL ] SELECT `is_login` FROM `mydata1_db`.`k_user_login` WHERE  `uid` = 2 LIMIT 1 [ RunTime:0.000000s ]
[ sql ] [ SQL ] SHOW COLUMNS FROM `mydata5_db`.`aibo_close_game` [ RunTime:0.000000s ]
[ sql ] [ SQL ] SELECT * FROM `mydata5_db`.`aibo_close_game` WHERE  `id` = 6 LIMIT 1 [ RunTime:0.000000s ]
[ error ] [8]A session had already been started - ignoring session_start()
---------------------------------------------------------------
[ 2018-06-01T20:50:16-04:00 ] 103.246.145.199 GET /app/ajax.php?s=/member/users/index
[ sql ] [ DB ] CONNECT:[ UseTime:0.015600s ] mysql:host=127.0.0.1;port=3306;dbname=mydata1_db;charset=utf8
[ sql ] [ SQL ] SHOW COLUMNS FROM `mydata1_db`.`k_user` [ RunTime:0.000000s ]
[ sql ] [ SQL ] SELECT * FROM `mydata1_db`.`k_user` WHERE  `uid` = 2 LIMIT 1 [ RunTime:0.000000s ]
[ sql ] [ SQL ] SHOW COLUMNS FROM `mydata1_db`.`k_user_login` [ RunTime:0.015600s ]
[ sql ] [ SQL ] SELECT `is_login` FROM `mydata1_db`.`k_user_login` WHERE  `uid` = 2 LIMIT 1 [ RunTime:0.000000s ]
---------------------------------------------------------------
[ 2018-06-01T20:50:25-04:00 ] 103.246.145.199 POST /app/ajax.php?s=/member/finance/casino
[ sql ] [ DB ] CONNECT:[ UseTime:0.015600s ] mysql:host=127.0.0.1;port=3306;dbname=mydata1_db;charset=utf8
[ sql ] [ SQL ] SHOW COLUMNS FROM `mydata1_db`.`k_user` [ RunTime:0.015600s ]
[ sql ] [ SQL ] SELECT * FROM `mydata1_db`.`k_user` WHERE  `uid` = 2 LIMIT 1 [ RunTime:0.000000s ]
[ sql ] [ SQL ] SHOW COLUMNS FROM `mydata1_db`.`k_user_login` [ RunTime:0.015600s ]
[ sql ] [ SQL ] SELECT `is_login` FROM `mydata1_db`.`k_user_login` WHERE  `uid` = 2 LIMIT 1 [ RunTime:0.000000s ]
[ error ] [8]A session had already been started - ignoring session_start()
---------------------------------------------------------------
[ 2018-06-01T20:50:27-04:00 ] 103.246.145.199 GET /app/ajax.php?s=/member/users/index
[ sql ] [ DB ] CONNECT:[ UseTime:0.015600s ] mysql:host=127.0.0.1;port=3306;dbname=mydata1_db;charset=utf8
[ sql ] [ SQL ] SHOW COLUMNS FROM `mydata1_db`.`k_user` [ RunTime:0.015600s ]
[ sql ] [ SQL ] SELECT * FROM `mydata1_db`.`k_user` WHERE  `uid` = 2 LIMIT 1 [ RunTime:0.000000s ]
[ sql ] [ SQL ] SHOW COLUMNS FROM `mydata1_db`.`k_user_login` [ RunTime:0.015600s ]
[ sql ] [ SQL ] SELECT `is_login` FROM `mydata1_db`.`k_user_login` WHERE  `uid` = 2 LIMIT 1 [ RunTime:0.000000s ]
---------------------------------------------------------------
[ 2018-06-01T23:59:00-04:00 ] 127.0.0.1 POST /app/ajax.php?s=/member/common/notice
[ sql ] [ DB ] CONNECT:[ UseTime:0.009470s ] mysql:host=127.0.0.1;port=3306;dbname=mydata1_db;charset=utf8
[ sql ] [ SQL ] SHOW COLUMNS FROM `mydata1_db`.`k_notice` [ RunTime:0.041523s ]
[ sql ] [ SQL ] SELECT COUNT(*) AS tp_count FROM `mydata1_db`.`k_notice` WHERE  `is_show` = 1 LIMIT 1 [ RunTime:0.000524s ]
[ sql ] [ SQL ] SELECT * FROM `mydata1_db`.`k_notice` WHERE  `is_show` = 1 ORDER BY `sort` DESC,`nid` DESC LIMIT 0,5 [ RunTime:0.001066s ]
